SF:lib/src/indicator/header/header_locator.dart
DA:18,1
DA:25,2
DA:31,1
DA:33,2
DA:35,3
DA:36,0
DA:38,1
DA:39,1
DA:40,1
DA:41,1
DA:43,1
DA:44,1
DA:46,2
DA:47,2
DA:48,1
DA:49,1
DA:50,0
DA:51,0
DA:52,0
DA:53,0
DA:55,1
DA:56,1
DA:57,1
DA:58,1
DA:63,1
DA:64,1
DA:65,1
DA:78,1
DA:86,1
DA:87,1
DA:88,1
DA:90,1
DA:92,1
DA:94,1
DA:104,1
DA:108,1
DA:113,1
DA:115,3
DA:116,1
DA:117,2
DA:118,2
DA:119,0
DA:121,3
DA:123,2
DA:124,1
DA:125,2
DA:128,1
DA:129,2
DA:132,1
DA:133,3
DA:137,1
DA:139,3
DA:140,1
DA:141,1
DA:142,1
DA:147,1
DA:149,0
DA:150,0
DA:152,1
DA:154,1
DA:155,1
DA:157,1
DA:159,1
DA:160,2
DA:171,1
DA:178,1
DA:180,1
DA:181,0
DA:184,1
DA:185,3
DA:187,1
DA:188,1
DA:189,0
DA:191,1
DA:192,3
DA:196,1
DA:200,2
DA:201,2
DA:202,3
DA:203,2
DA:205,2
DA:206,2
DA:207,0
DA:208,1
DA:209,2
DA:212,2
DA:213,2
DA:214,1
DA:215,2
DA:216,2
DA:219,4
LF:91
LH:80
end_of_record
SF:lib/src/easy_refresh.dart
DA:23,19
DA:34,19
DA:41,5
DA:43,15
DA:169,10
DA:171,5
DA:173,12
DA:176,6
DA:178,3
DA:180,6
DA:184,38
DA:186,19
DA:187,19
DA:189,18
DA:216,36
DA:218,36
DA:221,2
DA:248,4
DA:250,4
DA:253,19
DA:254,19
DA:256,1
DA:258,1
DA:259,1
DA:261,1
DA:276,57
DA:279,57
DA:282,57
DA:288,19
DA:289,56
DA:292,75
DA:296,19
DA:297,38
DA:298,4
DA:299,0
DA:301,6
DA:302,2
DA:303,2
DA:304,2
DA:305,2
DA:306,2
DA:307,2
DA:308,2
DA:312,36
DA:313,17
DA:314,2
DA:315,4
DA:325,19
DA:326,38
DA:327,4
DA:328,0
DA:330,6
DA:331,2
DA:332,2
DA:333,2
DA:334,2
DA:335,2
DA:336,2
DA:337,2
DA:341,36
DA:345,19
DA:347,19
DA:349,42
DA:350,2
DA:351,4
DA:352,6
DA:353,2
DA:354,4
DA:360,19
DA:361,56
DA:364,5
DA:366,5
DA:368,10
DA:369,5
DA:370,10
DA:371,10
DA:372,5
DA:373,5
DA:374,10
DA:376,10
DA:377,5
DA:378,10
DA:379,10
DA:380,10
DA:381,5
DA:382,10
DA:385,10
DA:386,20
DA:387,0
DA:391,19
DA:393,38
DA:394,38
DA:395,38
DA:396,19
DA:400,19
DA:401,19
DA:402,38
DA:404,19
DA:405,19
DA:408,19
DA:409,38
DA:410,38
DA:411,38
DA:412,19
DA:413,17
DA:414,34
DA:417,34
DA:421,19
DA:422,19
DA:425,38
DA:426,38
DA:427,38
DA:428,38
DA:429,19
DA:430,17
DA:431,34
DA:434,51
DA:439,38
DA:440,19
DA:441,19
DA:442,19
DA:443,38
DA:444,38
DA:451,2
DA:452,6
DA:453,2
DA:454,6
DA:455,4
DA:456,2
DA:457,2
DA:464,19
DA:465,38
DA:468,14
DA:470,14
DA:471,6
DA:473,42
DA:475,20
DA:476,20
DA:488,8
DA:495,16
DA:496,12
DA:499,16
DA:510,5
DA:517,10
DA:518,10
DA:521,10
DA:529,17
DA:530,17
DA:531,34
DA:532,17
DA:534,34
DA:535,34
DA:539,34
DA:540,34
DA:542,51
DA:543,51
DA:544,16
DA:545,15
DA:546,1
DA:547,1
DA:548,1
DA:549,0
DA:550,17
DA:551,17
DA:552,16
DA:556,17
DA:557,16
DA:561,17
DA:562,1
DA:566,17
DA:567,1
DA:571,51
DA:580,17
DA:581,17
DA:582,34
DA:583,17
DA:585,34
DA:586,34
DA:590,34
DA:591,34
DA:593,51
DA:594,51
DA:595,16
DA:596,15
DA:597,1
DA:598,1
DA:599,1
DA:600,0
DA:601,17
DA:602,17
DA:603,16
DA:607,17
DA:608,16
DA:612,17
DA:613,1
DA:617,17
DA:618,1
DA:622,51
DA:629,19
DA:630,57
DA:633,19
DA:635,38
DA:636,2
DA:637,4
DA:638,10
DA:641,18
DA:642,54
DA:643,36
DA:646,19
DA:647,19
DA:652,19
DA:654,19
DA:655,19
DA:656,38
DA:657,38
DA:659,19
DA:660,2
DA:662,19
DA:663,2
DA:665,19
DA:666,19
DA:667,32
DA:669,19
DA:670,32
DA:672,38
DA:673,2
DA:676,17
DA:677,34
DA:678,17
DA:680,34
LF:230
LH:225
end_of_record
SF:lib/src/styles/bezier/spin/hour_glass.dart
DA:6,1
DA:16,1
DA:17,1
DA:25,1
DA:27,1
DA:29,2
DA:31,4
DA:32,1
DA:33,4
DA:34,1
DA:38,1
DA:40,2
DA:41,1
DA:44,1
DA:46,1
DA:47,1
DA:48,5
DA:50,1
DA:51,3
DA:52,4
DA:60,1
DA:61,1
DA:62,1
DA:63,1
DA:68,1
DA:70,4
DA:71,4
DA:72,5
DA:75,1
DA:78,3
LF:30
LH:30
end_of_record
SF:lib/src/styles/bezier/header/bezier_circle_header.dart
DA:14,1
DA:30,1
DA:34,1
DA:36,3
DA:38,2
DA:39,1
DA:40,1
DA:42,1
DA:43,1
LF:9
LH:9
end_of_record
SF:lib/src/indicator/indicator.dart
DA:136,15
DA:143,0
DA:146,0
DA:147,0
DA:151,11
DA:152,42
DA:154,19
DA:168,0
DA:171,0
DA:172,0
DA:173,0
DA:174,0
DA:175,0
DA:176,0
DA:177,0
DA:178,0
DA:179,0
DA:180,0
DA:181,0
DA:182,0
DA:184,0
DA:186,0
DA:187,0
DA:188,0
DA:189,0
DA:190,0
DA:191,0
DA:192,0
DA:193,0
DA:194,0
DA:195,0
DA:197,0
DA:199,0
DA:220,9
DA:221,9
DA:222,18
DA:223,4
DA:224,6
DA:225,2
DA:231,9
DA:232,27
DA:233,9
DA:237,4
DA:238,8
DA:241,0
DA:242,0
DA:246,2
DA:247,4
DA:248,2
DA:252,2
DA:254,4
DA:255,2
DA:257,4
DA:260,2
DA:262,4
DA:263,4
DA:264,2
DA:268,8
DA:269,16
DA:374,19
DA:403,38
DA:405,19
DA:407,38
DA:410,19
DA:411,19
DA:413,19
DA:416,19
DA:417,19
DA:419,57
LF:69
LH:38
end_of_record
SF:lib/src/styles/cupertino/cupertino_activity_indicator.dart
DA:26,1
DA:31,2
DA:40,1
DA:46,2
DA:47,2
DA:48,2
DA:74,1
DA:76,1
DA:84,1
DA:86,1
DA:87,2
DA:92,2
DA:93,2
DA:97,1
DA:99,1
DA:100,4
DA:101,0
DA:102,0
DA:104,0
DA:109,1
DA:111,2
DA:112,1
DA:115,1
DA:117,1
DA:118,3
DA:119,3
DA:120,1
DA:121,1
DA:122,1
DA:123,2
DA:124,1
DA:125,2
DA:126,2
DA:152,1
DA:157,1
DA:158,2
DA:159,2
DA:160,1
DA:161,1
DA:162,1
DA:163,1
DA:165,1
DA:174,1
DA:176,1
DA:177,1
DA:179,1
DA:180,5
DA:182,4
DA:184,4
DA:185,2
DA:186,2
DA:187,3
DA:188,2
DA:189,2
DA:192,1
DA:195,1
DA:197,3
DA:198,3
DA:199,3
LF:59
LH:56
end_of_record
SF:lib/src/notifier/indicator_notifier.dart
DA:38,19
DA:55,19
DA:56,57
DA:57,28
DA:58,19
DA:61,57
DA:63,57
DA:65,57
DA:67,42
DA:69,57
DA:71,54
DA:73,54
DA:75,57
DA:77,57
DA:79,0
DA:81,57
DA:83,57
DA:84,19
DA:85,0
DA:88,17
DA:89,34
DA:90,4
DA:92,32
DA:96,21
DA:98,17
DA:99,34
DA:100,2
DA:101,2
DA:103,32
DA:107,15
DA:108,30
DA:109,4
DA:111,28
DA:115,0
DA:117,0
DA:118,0
DA:120,0
DA:121,0
DA:123,57
DA:125,38
DA:130,36
DA:134,36
DA:142,56
DA:147,38
DA:150,38
DA:155,38
DA:157,19
DA:158,19
DA:159,1
DA:160,0
DA:161,1
DA:162,0
DA:164,0
DA:165,0
DA:166,0
DA:170,19
DA:172,19
DA:173,38
DA:185,4
DA:190,38
DA:192,19
DA:193,19
DA:194,19
DA:195,19
DA:196,25
DA:197,12
DA:202,38
DA:220,76
DA:224,0
DA:225,0
DA:228,19
DA:229,20
DA:232,3
DA:236,19
DA:238,19
DA:242,19
DA:243,29
DA:244,19
DA:248,19
DA:249,36
DA:250,17
DA:251,16
DA:252,19
DA:255,32
DA:256,0
DA:258,32
DA:259,32
DA:260,0
DA:266,19
DA:267,76
DA:270,19
DA:271,19
DA:272,18
DA:274,36
DA:278,36
DA:286,57
DA:295,19
DA:296,19
DA:297,38
DA:298,6
DA:301,19
DA:302,57
DA:331,19
DA:332,38
DA:333,38
DA:335,19
DA:337,19
DA:338,24
DA:339,57
DA:340,19
DA:341,38
DA:342,47
DA:343,19
DA:344,19
DA:348,6
DA:349,12
DA:353,6
DA:354,12
DA:358,19
DA:359,19
DA:360,12
DA:361,6
DA:363,18
DA:368,18
DA:369,36
DA:372,26
DA:373,0
DA:376,36
DA:381,19
DA:382,19
DA:395,5
DA:404,20
DA:405,9
DA:407,0
DA:408,0
DA:410,10
DA:411,5
DA:414,7
DA:415,5
DA:416,5
DA:417,7
DA:418,12
DA:419,0
DA:420,15
DA:421,2
DA:422,2
DA:423,1
DA:426,5
DA:428,5
DA:432,10
DA:433,20
DA:434,1
DA:444,8
DA:451,8
DA:452,0
DA:455,32
DA:456,1
DA:459,0
DA:460,0
DA:461,0
DA:463,8
DA:464,16
DA:473,6
DA:474,6
DA:475,18
DA:476,6
DA:477,0
DA:478,0
DA:479,0
DA:481,0
DA:482,0
DA:485,12
DA:486,10
DA:487,2
DA:488,2
DA:489,2
DA:491,6
DA:492,0
DA:493,0
DA:495,6
DA:498,6
DA:499,6
DA:500,6
DA:504,19
DA:505,19
DA:507,114
DA:508,38
DA:509,38
DA:510,38
DA:511,19
DA:512,19
DA:516,19
DA:517,19
DA:519,38
DA:521,19
DA:522,12
DA:523,13
DA:524,11
DA:525,6
DA:527,6
DA:533,19
DA:534,95
DA:535,34
DA:540,19
DA:543,31
DA:548,31
DA:549,38
DA:550,19
DA:551,12
DA:555,19
DA:557,19
DA:558,19
DA:560,38
DA:561,19
DA:563,57
DA:564,38
DA:566,19
DA:567,6
DA:568,15
DA:570,1
DA:572,0
DA:573,0
DA:575,38
DA:576,0
DA:581,19
DA:583,76
DA:587,19
DA:588,0
DA:589,0
DA:590,0
DA:591,0
DA:594,0
DA:595,0
DA:602,57
DA:603,10
DA:604,5
DA:605,4
DA:611,19
DA:615,19
DA:617,19
DA:621,19
DA:622,0
DA:623,0
DA:628,57
DA:630,19
DA:631,0
DA:635,19
DA:636,4
DA:637,12
DA:638,8
DA:639,10
DA:640,4
DA:641,4
DA:642,0
DA:644,0
DA:646,0
DA:647,0
DA:653,8
DA:654,0
DA:655,0
DA:658,4
DA:659,4
DA:662,58
DA:665,38
DA:666,22
DA:668,11
DA:669,23
DA:670,11
DA:672,11
DA:674,57
DA:675,16
DA:676,0
DA:677,0
DA:678,0
DA:680,32
DA:682,16
DA:684,57
DA:686,30
DA:687,4
DA:688,0
DA:690,8
DA:695,14
DA:697,54
DA:698,18
DA:699,0
DA:700,0
DA:701,0
DA:703,0
DA:704,0
DA:708,0
DA:716,36
DA:717,48
DA:721,54
DA:722,36
DA:726,0
DA:727,0
DA:729,0
DA:730,36
DA:732,1
DA:734,17
DA:737,0
DA:743,38
DA:744,17
DA:748,19
DA:749,0
DA:752,0
DA:753,0
DA:759,17
DA:760,51
DA:763,17
DA:764,17
DA:766,34
DA:767,14
DA:768,2
DA:770,13
DA:773,0
DA:776,14
DA:777,14
DA:780,6
DA:786,4
DA:787,4
DA:788,10
DA:789,3
DA:790,3
DA:795,6
DA:796,24
DA:799,12
DA:804,14
DA:807,28
DA:809,28
DA:810,14
DA:811,14
DA:812,0
DA:813,0
DA:816,14
DA:818,0
DA:819,0
DA:821,0
DA:829,14
DA:830,28
DA:834,14
DA:837,14
DA:838,14
DA:839,14
DA:841,28
DA:843,28
DA:844,36
DA:845,24
DA:846,24
DA:847,24
DA:848,10
DA:849,20
DA:850,1
DA:851,1
DA:852,1
DA:854,0
DA:856,2
DA:857,1
DA:860,12
DA:861,24
DA:862,5
DA:865,12
DA:866,24
DA:867,12
DA:872,21
DA:873,14
DA:874,14
DA:875,14
DA:876,6
DA:877,12
DA:878,1
DA:879,1
DA:880,1
DA:882,0
DA:884,2
DA:885,1
DA:888,7
DA:889,14
DA:890,2
DA:893,14
DA:894,7
DA:900,40
DA:901,2
DA:902,4
DA:909,19
DA:910,38
DA:913,19
DA:914,19
DA:915,19
DA:917,19
DA:918,19
DA:919,19
DA:920,19
DA:921,19
DA:922,19
DA:923,19
DA:924,19
DA:929,18
DA:930,36
DA:933,18
DA:936,36
DA:938,18
DA:951,18
DA:956,18
DA:957,36
DA:958,18
DA:962,18
DA:964,36
DA:965,54
DA:967,36
DA:970,18
DA:972,36
DA:973,36
DA:974,54
DA:978,18
DA:979,18
DA:985,19
DA:996,19
DA:1003,19
DA:1005,38
DA:1006,38
DA:1007,21
DA:1011,38
DA:1012,19
DA:1013,10
DA:1015,6
DA:1018,10
DA:1019,5
DA:1021,0
DA:1024,10
DA:1025,0
DA:1030,36
DA:1035,6
DA:1037,18
DA:1040,6
DA:1044,6
DA:1045,0
DA:1047,12
DA:1048,6
DA:1049,6
DA:1051,22
DA:1053,18
DA:1055,12
DA:1062,0
DA:1063,0
DA:1065,0
DA:1067,0
DA:1070,8
DA:1080,4
DA:1086,8
DA:1087,8
DA:1091,28
DA:1093,8
DA:1096,8
DA:1098,2
DA:1099,2
DA:1100,4
DA:1102,0
DA:1103,0
DA:1104,0
DA:1105,0
DA:1106,0
DA:1107,0
DA:1110,16
DA:1113,1
DA:1115,2
DA:1118,12
DA:1120,6
DA:1123,1
DA:1124,1
DA:1126,12
DA:1127,6
DA:1137,19
DA:1148,19
DA:1156,19
DA:1160,19
DA:1161,20
DA:1164,19
DA:1167,19
DA:1169,38
DA:1170,38
DA:1171,16
DA:1175,38
DA:1176,19
DA:1177,6
DA:1179,9
DA:1182,6
DA:1183,3
DA:1185,0
DA:1188,6
DA:1189,0
DA:1194,36
DA:1199,4
DA:1201,12
DA:1204,4
DA:1208,4
DA:1209,0
DA:1211,8
DA:1212,4
DA:1213,4
DA:1215,14
DA:1218,12
DA:1219,8
DA:1226,5
DA:1227,25
DA:1229,1
DA:1231,2
DA:1234,5
DA:1244,4
DA:1250,15
DA:1251,5
DA:1255,16
DA:1257,8
DA:1260,5
DA:1262,0
DA:1263,0
DA:1264,0
DA:1266,0
DA:1267,0
DA:1268,0
DA:1269,0
DA:1270,0
DA:1271,0
DA:1274,10
DA:1277,0
DA:1279,0
DA:1282,10
DA:1284,4
DA:1287,2
DA:1288,2
DA:1290,10
DA:1291,5
LF:532
LH:431
end_of_record
SF:lib/src/styles/phoenix/phoenix_indicator.dart
DA:18,1
DA:25,1
DA:26,1
DA:82,3
DA:84,4
DA:86,4
DA:91,1
DA:93,1
DA:94,5
DA:95,1
DA:96,1
DA:99,1
DA:101,5
DA:102,2
DA:103,1
DA:107,1
DA:108,1
DA:109,1
DA:110,1
DA:111,2
DA:112,2
DA:115,2
DA:116,0
DA:121,1
DA:123,1
DA:124,1
DA:125,2
DA:126,2
DA:127,6
DA:129,4
DA:130,1
DA:132,1
DA:133,1
DA:135,1
DA:136,1
DA:139,1
DA:140,3
DA:141,1
DA:148,1
DA:149,3
DA:150,4
DA:151,2
DA:152,4
DA:153,2
DA:154,1
DA:155,1
DA:156,1
DA:157,1
DA:158,1
DA:159,2
DA:160,5
DA:161,3
DA:166,1
DA:174,1
DA:175,3
DA:176,3
DA:177,1
DA:178,3
DA:179,1
DA:181,4
DA:183,1
DA:186,4
LF:62
LH:61
end_of_record
SF:lib/src/styles/cupertino/header/cupertino_header.dart
DA:21,1
DA:42,1
DA:50,1
DA:52,1
DA:53,1
DA:55,1
DA:56,1
DA:57,1
DA:58,1
DA:59,1
LF:10
LH:10
end_of_record
SF:lib/src/styles/phoenix/footer/phoenix_footer.dart
DA:11,1
DA:29,1
DA:31,3
DA:33,1
DA:34,1
DA:36,1
DA:37,1
LF:7
LH:7
end_of_record
SF:lib/src/styles/delivery/delivery_indicator.dart
DA:24,1
DA:31,1
DA:32,1
DA:89,4
DA:91,4
DA:93,4
DA:101,1
DA:103,1
DA:104,5
DA:105,1
DA:106,1
DA:107,3
DA:108,1
DA:109,3
DA:111,2
DA:112,2
DA:113,2
DA:114,3
DA:115,4
DA:116,2
DA:118,2
DA:121,1
DA:123,5
DA:124,2
DA:125,1
DA:129,1
DA:130,1
DA:131,1
DA:132,1
DA:133,1
DA:134,2
DA:135,2
DA:139,2
DA:140,0
DA:141,0
DA:142,0
DA:148,1
DA:149,4
DA:150,1
DA:151,0
DA:153,4
DA:154,6
DA:158,1
DA:160,1
DA:161,1
DA:162,1
DA:163,1
DA:164,1
DA:166,1
DA:168,1
DA:169,2
DA:172,4
DA:173,1
DA:174,1
DA:175,1
DA:176,2
DA:177,1
DA:178,6
DA:179,2
DA:180,1
DA:181,2
DA:182,2
DA:190,1
DA:193,2
DA:196,1
DA:197,1
DA:198,1
DA:201,2
DA:202,2
DA:203,2
DA:204,2
DA:209,5
DA:211,5
DA:212,1
DA:213,2
DA:214,2
DA:217,2
DA:218,2
DA:219,1
DA:220,1
DA:221,2
DA:223,1
DA:224,1
DA:225,2
DA:227,1
DA:229,1
DA:231,1
DA:241,1
DA:245,1
DA:246,1
LF:90
LH:86
end_of_record
SF:lib/src/indicator/header/header.dart
DA:5,19
DA:40,9
DA:70,9
DA:72,18
DA:79,1
DA:105,1
DA:109,0
DA:121,0
DA:128,0
DA:129,0
DA:130,0
DA:131,0
DA:132,0
DA:133,0
DA:134,0
DA:135,0
DA:136,0
DA:137,0
DA:138,0
DA:139,0
DA:140,0
DA:141,0
DA:142,0
DA:143,0
DA:144,0
DA:145,0
DA:146,0
DA:147,0
DA:148,0
DA:149,0
DA:150,0
DA:153,0
DA:155,0
DA:167,0
DA:177,0
DA:180,0
DA:187,2
DA:196,2
DA:202,2
DA:215,2
DA:243,2
DA:244,2
DA:245,2
DA:246,2
DA:247,2
DA:248,2
DA:249,2
DA:251,2
DA:252,2
DA:253,2
DA:255,2
DA:256,2
DA:257,2
DA:258,2
DA:259,2
DA:260,2
DA:261,2
DA:263,2
DA:264,2
DA:265,2
DA:267,2
DA:269,2
DA:270,2
DA:271,0
DA:272,2
DA:274,2
DA:275,2
DA:278,2
DA:280,4
LF:69
LH:38
end_of_record
SF:lib/src/indicator/footer/footer.dart
DA:5,19
DA:40,8
DA:70,8
DA:72,16
DA:79,1
DA:105,1
DA:109,0
DA:121,0
DA:128,0
DA:129,0
DA:130,0
DA:131,0
DA:132,0
DA:133,0
DA:134,0
DA:135,0
DA:136,0
DA:137,0
DA:138,0
DA:139,0
DA:140,0
DA:141,0
DA:142,0
DA:143,0
DA:144,0
DA:145,0
DA:146,0
DA:147,0
DA:148,0
DA:149,0
DA:150,0
DA:153,0
DA:155,0
DA:167,0
DA:177,0
DA:180,0
DA:187,2
DA:196,2
DA:202,2
DA:215,0
DA:243,0
DA:244,0
DA:245,0
DA:246,0
DA:247,0
DA:248,0
DA:249,0
DA:251,0
DA:252,0
DA:253,0
DA:255,0
DA:256,0
DA:257,0
DA:258,0
DA:259,0
DA:260,0
DA:261,0
DA:263,0
DA:264,0
DA:265,0
DA:267,0
DA:269,0
DA:270,0
DA:271,0
DA:272,0
DA:274,0
DA:275,0
DA:278,0
DA:280,0
LF:69
LH:9
end_of_record
SF:lib/src/styles/bezier/bezier_background.dart
DA:5,2
DA:12,4
DA:13,4
DA:21,4
DA:23,0
DA:24,0
DA:27,2
DA:37,0
DA:43,0
DA:44,0
DA:45,0
DA:46,0
DA:54,2
DA:55,6
DA:58,0
DA:59,0
DA:95,2
DA:108,2
DA:109,2
DA:114,8
DA:116,8
DA:118,4
DA:120,8
DA:122,8
DA:125,12
DA:141,2
DA:143,2
DA:144,4
DA:145,4
DA:146,4
DA:147,4
DA:148,0
DA:150,6
DA:151,10
DA:152,10
DA:155,2
DA:157,4
DA:158,4
DA:159,10
DA:160,10
DA:161,2
DA:164,2
DA:166,2
DA:170,2
DA:171,2
DA:172,4
DA:173,2
DA:175,4
DA:176,0
DA:177,0
DA:179,2
DA:180,0
DA:181,0
DA:187,2
DA:188,4
DA:189,8
DA:190,0
DA:195,2
DA:196,4
DA:197,8
DA:199,2
DA:200,4
DA:205,2
DA:206,4
DA:208,0
DA:209,0
DA:210,0
DA:211,0
DA:212,0
DA:213,0
DA:214,0
DA:215,0
DA:220,0
DA:222,4
DA:223,2
DA:224,4
DA:225,3
DA:227,4
DA:230,2
DA:231,4
DA:232,0
DA:234,4
DA:235,4
DA:236,0
DA:237,0
DA:238,0
DA:239,0
DA:240,0
DA:243,2
DA:244,2
DA:245,4
DA:246,2
DA:247,2
DA:252,2
DA:254,4
DA:255,4
DA:256,8
DA:258,2
DA:260,2
DA:262,2
DA:263,2
DA:264,2
DA:265,4
DA:266,4
DA:268,2
DA:269,2
DA:294,2
DA:302,2
DA:304,2
DA:305,2
DA:306,2
DA:307,4
DA:308,2
DA:310,1
DA:311,2
DA:312,0
DA:314,2
DA:315,1
DA:316,1
DA:317,1
DA:318,1
DA:319,1
DA:320,1
DA:321,1
DA:322,5
DA:326,2
DA:327,1
DA:329,0
DA:330,0
DA:331,0
DA:338,2
DA:339,4
DA:340,2
DA:341,2
DA:342,2
DA:343,2
DA:344,2
DA:345,2
DA:346,2
DA:347,2
DA:348,12
DA:352,4
DA:353,2
DA:355,2
DA:356,2
DA:357,6
DA:364,0
DA:367,0
DA:368,0
DA:369,0
DA:370,0
DA:371,0
DA:372,0
DA:373,0
DA:374,0
DA:375,0
DA:379,0
DA:380,0
DA:382,0
DA:383,0
DA:384,0
DA:391,0
DA:392,0
DA:393,0
DA:394,0
DA:395,0
DA:396,0
DA:397,0
DA:398,0
DA:399,0
DA:403,0
DA:404,0
DA:406,0
DA:407,0
DA:408,0
DA:415,2
DA:419,2
DA:421,2
DA:424,2
DA:427,2
DA:428,6
DA:429,6
DA:430,6
DA:431,6
DA:432,6
DA:433,6
DA:435,0
DA:437,0
DA:438,0
DA:439,0
DA:440,0
DA:441,0
DA:459,0
DA:466,0
DA:468,0
DA:469,0
DA:470,0
DA:471,0
DA:472,0
DA:473,0
DA:474,0
DA:475,0
DA:476,0
DA:479,0
DA:481,0
DA:484,0
DA:487,0
DA:488,0
DA:489,0
DA:490,0
DA:491,0
DA:492,0
DA:494,0
DA:496,0
LF:214
LH:123
end_of_record
SF:lib/src/styles/phoenix/header/phoenix_header.dart
DA:11,1
DA:29,1
DA:31,3
DA:33,1
DA:34,1
DA:36,1
DA:37,1
LF:7
LH:7
end_of_record
SF:lib/src/styles/bezier/bezier_indicator.dart
DA:47,1
DA:62,1
DA:63,1
DA:72,4
DA:74,4
DA:76,4
DA:78,4
DA:80,4
DA:82,3
DA:87,3
DA:89,1
DA:91,1
DA:92,5
DA:93,1
DA:94,1
DA:97,1
DA:99,5
DA:100,2
DA:101,1
DA:105,1
DA:106,2
DA:107,2
DA:108,2
DA:111,2
DA:112,0
DA:118,1
DA:119,2
DA:120,0
DA:122,2
DA:123,0
DA:124,1
DA:125,3
DA:126,3
DA:127,2
DA:128,2
DA:129,2
DA:130,2
DA:131,1
DA:132,1
DA:133,2
DA:134,3
DA:135,2
DA:136,1
DA:137,0
DA:138,1
DA:139,1
DA:141,1
DA:142,2
DA:143,1
DA:144,2
DA:145,3
DA:146,4
DA:148,2
DA:149,0
DA:150,0
DA:152,1
DA:153,1
DA:154,1
DA:156,2
DA:157,2
DA:158,2
DA:161,2
DA:162,3
DA:165,1
DA:166,6
DA:167,2
DA:169,1
DA:172,1
DA:173,1
DA:175,3
DA:190,1
DA:192,2
DA:193,0
DA:195,2
DA:196,1
DA:197,1
DA:201,1
DA:202,1
DA:203,1
DA:204,1
DA:205,4
DA:210,5
DA:211,0
DA:212,0
DA:213,0
DA:215,0
DA:216,0
DA:218,0
DA:219,0
DA:221,0
DA:222,0
DA:224,0
DA:225,0
DA:226,0
DA:231,2
DA:232,0
DA:233,0
DA:234,0
DA:235,0
DA:236,0
DA:237,0
DA:238,0
DA:239,0
DA:247,1
DA:249,1
DA:251,1
DA:252,1
DA:253,2
DA:254,3
DA:256,1
DA:257,2
DA:258,2
DA:261,2
DA:262,2
DA:264,2
DA:265,2
DA:266,3
DA:267,4
DA:268,1
DA:269,2
DA:270,2
DA:271,2
DA:272,4
DA:273,1
DA:274,4
DA:275,0
DA:276,0
DA:277,0
DA:278,0
DA:281,0
DA:282,0
DA:284,0
DA:285,0
DA:286,0
DA:289,0
DA:290,0
DA:292,0
DA:293,0
DA:295,0
DA:296,0
DA:298,0
DA:299,0
DA:300,0
DA:302,0
LF:144
LH:98
end_of_record
SF:lib/src/indicator/footer/footer_locator.dart
DA:18,1
DA:25,2
DA:31,1
DA:33,2
DA:35,3
DA:36,0
DA:38,1
DA:39,1
DA:40,1
DA:41,1
DA:43,1
DA:44,1
DA:46,2
DA:47,2
DA:48,1
DA:49,1
DA:50,0
DA:51,0
DA:52,0
DA:53,0
DA:55,1
DA:56,1
DA:57,1
DA:58,1
DA:63,1
DA:64,1
DA:65,1
DA:78,1
DA:84,1
DA:85,1
DA:86,1
DA:88,1
DA:90,1
DA:92,1
DA:102,1
DA:106,1
DA:111,1
DA:113,3
DA:114,1
DA:115,2
DA:116,2
DA:117,0
DA:119,0
DA:121,2
DA:122,1
DA:123,2
DA:126,1
DA:127,2
DA:130,1
DA:131,3
DA:135,0
DA:137,0
DA:138,0
DA:139,0
DA:140,0
DA:145,0
DA:147,0
DA:148,0
DA:150,0
DA:152,0
DA:153,0
DA:155,0
DA:157,0
DA:158,0
DA:169,1
DA:176,1
DA:178,1
DA:179,0
DA:182,1
DA:183,3
DA:185,1
DA:186,1
DA:187,0
DA:189,1
DA:190,3
DA:194,1
DA:198,2
DA:199,2
DA:200,3
DA:201,2
DA:203,2
DA:204,2
DA:205,0
DA:207,0
DA:209,2
DA:210,2
DA:211,1
DA:212,2
DA:213,2
DA:216,4
LF:90
LH:65
end_of_record
SF:lib/src/styles/taurus/header/taurus_header.dart
DA:11,1
DA:26,1
DA:30,1
DA:32,3
DA:34,1
DA:35,1
DA:37,1
DA:38,1
LF:8
LH:8
end_of_record
SF:lib/src/styles/classic/header/classic_header.dart
DA:97,19
DA:145,5
DA:147,5
DA:148,5
DA:150,5
DA:151,5
DA:152,5
DA:153,5
DA:154,5
DA:155,5
DA:156,5
DA:157,5
DA:158,5
DA:159,5
DA:160,5
DA:161,5
DA:162,5
DA:163,5
DA:164,5
DA:165,5
DA:166,5
DA:167,5
DA:168,5
DA:169,5
DA:170,5
DA:171,5
DA:172,5
DA:173,5
DA:174,5
DA:175,5
DA:176,5
DA:177,5
DA:178,5
LF:33
LH:33
end_of_record
SF:lib/src/styles/bezier/bezier_circle_indicator.dart
DA:21,1
DA:28,1
DA:29,1
DA:43,3
DA:45,4
DA:47,4
DA:49,1
DA:51,1
DA:52,5
DA:53,2
DA:55,1
DA:56,1
DA:57,2
DA:59,1
DA:62,1
DA:64,5
DA:65,2
DA:66,2
DA:67,2
DA:68,1
DA:72,1
DA:73,1
DA:75,2
DA:76,4
DA:77,5
DA:81,2
DA:82,0
DA:85,1
DA:87,0
DA:88,0
DA:90,0
DA:91,0
DA:92,0
DA:93,0
DA:98,2
DA:99,0
DA:105,1
DA:106,1
DA:111,1
DA:112,1
DA:113,1
DA:114,1
DA:115,2
DA:116,2
DA:124,1
DA:125,1
DA:130,1
DA:131,1
DA:132,1
DA:133,3
DA:134,5
DA:135,3
DA:136,2
DA:143,0
DA:144,0
DA:145,0
DA:146,0
DA:147,0
DA:148,0
DA:149,0
DA:151,0
DA:152,0
DA:162,0
DA:163,0
DA:168,0
DA:169,0
DA:170,0
DA:171,0
DA:177,1
DA:179,1
DA:181,1
DA:182,1
DA:183,2
DA:186,2
DA:187,1
DA:188,2
DA:192,3
DA:193,1
DA:194,1
DA:195,1
DA:196,3
DA:199,1
DA:200,1
DA:201,1
DA:202,2
DA:204,0
DA:207,1
DA:208,1
DA:209,1
DA:210,2
DA:211,3
DA:214,1
DA:218,2
DA:219,0
DA:220,0
DA:221,0
DA:222,0
DA:223,0
DA:226,0
DA:227,0
DA:228,0
DA:231,0
DA:232,0
DA:233,0
DA:234,0
DA:235,0
DA:236,0
DA:240,0
DA:241,0
DA:242,0
DA:243,0
DA:246,0
DA:255,1
DA:256,1
DA:257,1
DA:258,1
DA:259,1
DA:260,1
DA:261,1
DA:262,1
DA:263,1
DA:264,1
DA:265,3
DA:277,1
DA:283,1
DA:285,3
DA:286,1
DA:287,1
DA:288,1
DA:289,2
DA:290,3
DA:291,2
DA:292,2
DA:295,0
DA:297,0
DA:300,1
DA:303,0
DA:304,0
DA:305,0
DA:306,0
DA:307,0
DA:309,0
DA:311,0
DA:320,1
DA:327,1
DA:329,4
DA:332,0
DA:333,0
DA:334,0
DA:335,0
DA:336,0
DA:337,0
DA:338,0
DA:339,0
DA:340,0
DA:341,0
DA:342,0
DA:343,0
DA:344,0
DA:345,0
DA:346,0
DA:349,0
DA:351,0
DA:354,1
DA:357,0
DA:358,0
DA:359,0
DA:360,0
DA:361,0
DA:362,0
DA:364,0
DA:366,0
DA:367,0
DA:368,0
DA:369,0
DA:376,0
DA:381,0
DA:383,0
DA:384,0
DA:385,0
DA:386,0
DA:387,0
DA:388,0
DA:390,0
DA:392,0
DA:393,0
DA:394,0
DA:395,0
DA:396,0
DA:397,0
DA:398,0
DA:399,0
DA:400,0
DA:401,0
DA:402,0
DA:403,0
DA:405,0
DA:406,0
DA:407,0
DA:408,0
DA:409,0
DA:410,0
DA:411,0
DA:412,0
DA:413,0
DA:414,0
DA:415,0
DA:419,0
DA:421,0
DA:424,0
DA:427,0
DA:428,0
DA:429,0
DA:430,0
DA:432,0
DA:433,0
LF:216
LH:95
end_of_record
SF:lib/src/styles/material/material_indicator.dart
DA:7,1
DA:8,3
DA:11,0
DA:12,0
DA:15,1
DA:21,1
DA:74,1
DA:91,1
DA:92,1
DA:98,1
DA:99,2
DA:102,4
DA:104,2
DA:107,1
DA:108,3
DA:109,3
DA:110,1
DA:117,1
DA:118,2
DA:121,2
DA:124,2
DA:125,3
DA:126,4
DA:127,5
DA:130,4
DA:132,4
DA:134,4
DA:136,4
DA:138,4
DA:141,1
DA:142,2
DA:145,1
DA:146,2
DA:147,2
DA:148,0
DA:149,3
DA:150,2
DA:151,1
DA:153,1
DA:154,1
DA:155,2
DA:157,4
DA:160,1
DA:161,1
DA:162,2
DA:163,1
DA:164,2
DA:165,2
DA:166,2
DA:169,2
DA:170,0
DA:171,0
DA:177,1
DA:179,1
DA:180,4
DA:181,0
DA:182,0
DA:183,0
DA:184,0
DA:186,4
DA:187,1
DA:189,1
DA:190,1
DA:191,2
DA:192,2
DA:194,2
DA:195,1
DA:196,2
DA:197,2
DA:201,2
DA:202,0
DA:206,2
DA:207,0
DA:211,2
DA:212,2
DA:216,1
DA:217,2
DA:218,2
DA:219,2
DA:220,2
DA:221,2
DA:224,1
DA:225,2
DA:226,2
DA:230,2
DA:231,2
DA:235,2
DA:236,0
DA:240,2
DA:241,0
DA:245,1
DA:246,1
LF:92
LH:79
end_of_record
SF:lib/src/styles/cupertino/cupertino_indicator.dart
DA:9,1
DA:10,3
DA:12,0
DA:13,0
DA:38,1
DA:48,1
DA:49,1
DA:54,4
DA:56,4
DA:58,4
DA:60,4
DA:62,2
DA:68,1
DA:69,6
DA:71,1
DA:73,1
DA:74,2
DA:78,5
DA:81,1
DA:83,5
DA:84,2
DA:85,1
DA:89,1
DA:90,1
DA:91,2
DA:92,2
DA:97,1
DA:98,4
DA:100,1
DA:101,1
DA:102,1
DA:108,1
DA:110,1
DA:111,1
DA:112,1
DA:114,2
DA:118,1
DA:119,1
DA:120,1
DA:121,1
DA:123,1
DA:124,2
DA:128,1
DA:129,1
DA:131,2
DA:132,2
DA:142,1
DA:145,4
DA:146,0
DA:147,0
DA:149,0
DA:151,0
DA:154,0
DA:160,1
DA:161,1
DA:162,1
DA:163,1
DA:164,1
DA:165,1
DA:166,5
DA:169,1
DA:170,1
DA:171,1
DA:173,2
DA:174,4
DA:180,1
DA:181,2
DA:183,2
DA:184,2
DA:185,2
DA:186,2
DA:187,3
DA:191,1
DA:199,1
DA:201,1
DA:202,4
DA:203,5
DA:204,0
DA:205,0
DA:206,0
DA:208,1
DA:210,1
DA:211,1
DA:212,2
DA:213,2
DA:216,1
DA:217,1
DA:220,2
DA:221,2
DA:222,1
DA:223,3
DA:224,2
DA:225,1
DA:229,1
DA:232,2
DA:233,2
DA:234,1
DA:237,3
DA:239,2
DA:240,1
DA:254,1
DA:261,1
DA:263,3
DA:264,1
DA:265,2
DA:266,1
DA:267,0
DA:271,1
DA:272,1
DA:273,1
DA:276,3
DA:278,1
DA:279,7
DA:280,2
DA:281,1
DA:283,2
DA:284,1
DA:285,1
DA:286,1
DA:287,1
DA:289,2
DA:294,3
DA:296,6
DA:297,1
DA:298,1
DA:299,1
DA:307,1
DA:309,4
DA:310,3
DA:311,3
DA:312,3
DA:314,3
DA:315,3
DA:316,3
DA:318,1
DA:319,1
DA:320,2
DA:321,2
DA:322,1
DA:323,1
DA:324,3
DA:325,1
DA:327,1
DA:332,0
DA:333,0
DA:334,0
DA:337,0
DA:339,0
DA:340,0
DA:341,0
DA:342,0
DA:344,0
DA:345,0
DA:346,0
DA:347,0
DA:348,0
DA:349,0
DA:355,0
DA:357,0
DA:358,0
DA:359,0
DA:360,0
DA:368,0
DA:370,0
DA:371,0
DA:372,0
DA:373,0
DA:375,0
DA:376,0
DA:377,0
DA:379,0
DA:380,0
DA:381,0
DA:382,0
DA:383,0
DA:384,0
DA:385,0
DA:386,0
DA:388,0
DA:393,1
DA:395,3
DA:396,3
DA:397,3
DA:398,3
DA:399,3
DA:400,3
LF:186
LH:139
end_of_record
SF:lib/src/styles/cupertino/footer/cupertino_footer.dart
DA:21,1
DA:42,1
DA:50,1
DA:52,1
DA:53,1
DA:55,1
DA:56,1
DA:57,1
DA:58,1
DA:59,1
LF:10
LH:10
end_of_record
SF:lib/src/styles/taurus/taurus_indicator.dart
DA:21,1
DA:28,1
DA:29,1
DA:65,3
DA:67,3
DA:69,4
DA:71,4
DA:73,4
DA:75,1
DA:77,1
DA:78,5
DA:79,1
DA:80,1
DA:81,2
DA:82,0
DA:83,0
DA:84,0
DA:85,0
DA:86,0
DA:88,0
DA:92,1
DA:93,1
DA:96,1
DA:98,5
DA:99,2
DA:100,2
DA:101,1
DA:105,1
DA:106,1
DA:107,0
DA:108,0
DA:109,0
DA:110,0
DA:112,1
DA:113,0
DA:114,0
DA:117,2
DA:118,0
DA:124,0
DA:125,0
DA:126,0
DA:127,0
DA:128,0
DA:129,0
DA:130,0
DA:131,0
DA:132,0
DA:136,1
DA:137,1
DA:138,3
DA:139,1
DA:140,2
DA:141,2
DA:142,1
DA:143,1
DA:144,1
DA:145,1
DA:146,1
DA:147,1
DA:149,2
DA:154,1
DA:156,1
DA:157,1
DA:158,2
DA:159,1
DA:160,1
DA:162,1
DA:163,1
DA:166,1
DA:168,1
DA:169,1
DA:170,1
DA:173,2
DA:174,0
DA:175,0
DA:176,0
DA:178,0
DA:183,2
DA:184,1
DA:185,2
DA:187,4
DA:188,1
DA:189,1
DA:190,2
DA:192,2
DA:193,3
DA:198,5
DA:199,0
DA:200,0
DA:201,0
DA:202,0
DA:203,0
DA:204,0
DA:205,3
DA:206,0
DA:207,0
DA:208,0
DA:209,0
DA:211,0
DA:215,5
DA:219,4
DA:224,3
DA:225,3
DA:226,2
DA:227,4
DA:228,3
DA:230,3
DA:231,2
DA:233,6
DA:234,2
DA:236,1
DA:239,1
DA:240,1
DA:242,1
DA:245,1
DA:246,1
DA:247,3
DA:248,1
DA:250,1
DA:258,1
DA:259,1
DA:260,3
DA:261,1
DA:263,1
DA:271,1
DA:273,1
DA:274,1
DA:275,1
DA:276,2
DA:277,2
DA:278,0
DA:280,0
DA:281,0
DA:282,0
DA:283,0
DA:284,0
DA:285,0
DA:287,1
DA:288,2
DA:290,1
DA:303,1
DA:306,1
DA:307,1
DA:310,2
DA:330,1
DA:335,1
DA:337,2
DA:338,1
DA:339,1
DA:340,0
DA:341,0
DA:343,1
DA:346,0
DA:348,0
DA:351,1
DA:354,1
DA:355,3
DA:356,3
DA:357,3
DA:359,0
DA:360,0
LF:161
LH:111
end_of_record
SF:lib/src/styles/material/footer/material_footer.dart
DA:40,1
DA:67,1
DA:82,1
DA:84,1
DA:85,1
DA:87,1
DA:88,1
DA:89,1
DA:90,1
DA:91,1
DA:92,1
DA:93,1
DA:94,1
DA:95,1
DA:96,1
DA:97,1
DA:98,1
LF:17
LH:17
end_of_record
SF:lib/src/styles/delivery/footer/delivery_footer.dart
DA:11,1
DA:25,1
DA:30,1
DA:32,3
DA:34,1
DA:35,1
DA:37,1
DA:38,1
LF:8
LH:8
end_of_record
SF:lib/src/controller/controller.dart
DA:17,18
DA:23,18
DA:24,18
DA:33,6
DA:40,12
DA:55,5
DA:62,10
DA:75,0
DA:80,0
DA:83,0
DA:84,0
DA:85,0
DA:86,0
DA:87,0
DA:88,0
DA:91,0
DA:92,0
DA:96,0
DA:105,0
DA:110,0
DA:113,0
DA:114,0
DA:115,0
DA:118,0
DA:124,0
DA:132,0
DA:136,0
DA:139,0
DA:140,0
DA:141,0
DA:142,0
DA:143,0
DA:144,0
DA:147,0
DA:148,0
DA:160,0
DA:164,0
DA:167,0
DA:168,0
DA:169,0
DA:172,0
DA:182,0
DA:183,0
DA:187,1
DA:188,3
DA:194,2
DA:196,2
DA:198,6
DA:204,4
DA:206,4
DA:208,12
DA:212,18
DA:213,18
DA:217,4
DA:220,0
LF:55
LH:18
end_of_record
SF:lib/src/styles/classic/footer/classic_footer.dart
DA:97,19
DA:145,4
DA:147,4
DA:148,4
DA:150,4
DA:151,4
DA:152,4
DA:153,4
DA:154,4
DA:155,4
DA:156,4
DA:157,4
DA:158,4
DA:159,4
DA:160,4
DA:161,4
DA:162,4
DA:163,4
DA:164,4
DA:165,4
DA:166,4
DA:167,4
DA:168,4
DA:169,4
DA:170,4
DA:171,4
DA:172,4
DA:173,4
DA:174,4
DA:175,4
DA:176,4
DA:177,4
DA:178,4
LF:33
LH:33
end_of_record
SF:lib/src/styles/bezier/header/bezier_header.dart
DA:32,1
DA:57,1
DA:59,1
DA:60,1
DA:62,1
DA:63,1
DA:64,1
DA:65,1
DA:66,1
DA:67,1
DA:68,1
DA:69,1
DA:70,1
DA:71,1
LF:14
LH:14
end_of_record
SF:lib/src/physics/scroll_physics.dart
DA:11,19
DA:20,38
DA:21,38
DA:22,19
DA:23,38
DA:24,38
DA:25,38
DA:26,38
DA:28,19
DA:29,38
DA:30,38
DA:31,38
DA:32,38
DA:36,2
DA:38,2
DA:39,2
DA:40,2
DA:41,2
DA:42,2
DA:43,2
DA:44,2
DA:62,19
DA:64,38
DA:65,51
DA:66,34
DA:67,6
DA:68,4
DA:69,4
DA:70,4
DA:71,4
DA:73,30
DA:74,0
DA:77,38
DA:78,48
DA:79,24
DA:80,6
DA:81,4
DA:82,4
DA:83,4
DA:84,4
DA:86,28
DA:87,0
DA:90,34
DA:96,15
DA:99,36
DA:100,6
DA:101,30
DA:102,4
DA:103,4
DA:105,13
DA:107,15
DA:110,16
DA:113,32
DA:114,32
DA:115,64
DA:120,16
DA:121,38
DA:122,38
DA:126,15
DA:127,36
DA:128,12
DA:130,36
DA:131,12
DA:133,15
DA:134,15
DA:136,30
DA:138,0
DA:139,0
DA:141,0
DA:144,30
DA:146,0
DA:147,0
DA:148,0
DA:150,0
DA:153,30
DA:154,30
DA:156,15
DA:157,28
DA:158,28
DA:161,15
DA:162,30
DA:163,0
DA:164,0
DA:166,0
DA:167,0
DA:168,0
DA:175,0
DA:176,30
DA:177,15
DA:179,45
DA:182,15
DA:184,30
DA:186,15
DA:187,15
DA:188,21
DA:189,14
DA:190,14
DA:192,14
DA:195,19
DA:197,76
DA:198,76
DA:199,0
DA:200,0
DA:202,76
DA:203,76
DA:204,0
DA:205,0
DA:211,57
DA:212,6
DA:213,9
DA:215,6
DA:216,0
DA:218,0
DA:219,0
DA:220,6
DA:221,9
DA:223,6
DA:224,6
DA:225,0
DA:228,0
DA:233,54
DA:234,0
DA:235,0
DA:236,0
DA:237,0
DA:238,0
DA:241,72
DA:242,54
DA:243,36
DA:244,48
DA:246,32
DA:247,24
DA:248,0
DA:249,0
DA:252,36
DA:253,36
DA:254,72
DA:255,0
DA:256,0
DA:257,0
DA:258,0
DA:259,0
DA:261,0
DA:262,0
DA:263,0
DA:264,0
DA:265,0
DA:266,0
DA:267,0
DA:268,0
DA:271,54
DA:272,48
DA:273,42
DA:274,16
DA:275,1
DA:276,3
DA:277,3
DA:278,1
DA:279,1
DA:282,36
DA:283,0
DA:284,0
DA:285,0
DA:287,0
DA:288,0
DA:289,0
DA:290,0
DA:291,0
DA:293,0
DA:294,0
DA:295,0
DA:296,0
DA:297,0
DA:303,57
DA:304,9
DA:306,6
DA:307,0
DA:308,4
DA:310,0
DA:311,0
DA:312,9
DA:313,6
DA:315,6
DA:316,6
DA:317,0
DA:320,0
DA:324,54
DA:325,0
DA:326,0
DA:327,0
DA:329,0
DA:331,0
DA:332,0
DA:335,62
DA:336,39
DA:337,39
DA:339,24
DA:340,12
DA:341,22
DA:342,0
DA:343,0
DA:346,36
DA:347,36
DA:348,12
DA:349,36
DA:350,56
DA:351,8
DA:352,20
DA:353,4
DA:355,0
DA:356,0
DA:357,0
DA:358,8
DA:359,12
DA:360,3
DA:362,12
DA:364,12
DA:365,3
DA:368,54
DA:369,36
DA:370,30
DA:371,4
DA:372,16
DA:373,1
DA:375,4
DA:377,4
DA:378,1
DA:381,36
DA:382,0
DA:383,0
DA:384,0
DA:386,0
DA:387,0
DA:388,0
DA:389,0
DA:390,0
DA:392,0
DA:394,0
DA:396,0
DA:397,0
DA:398,0
DA:403,19
DA:408,19
DA:411,38
DA:412,0
DA:413,0
DA:414,0
DA:415,0
DA:418,47
DA:419,47
DA:420,38
DA:421,38
DA:424,19
DA:427,19
DA:429,38
DA:430,38
DA:432,57
DA:434,38
DA:435,38
DA:437,19
DA:438,38
DA:439,38
DA:440,38
DA:442,19
DA:443,38
DA:444,38
DA:445,38
DA:448,38
DA:449,54
DA:450,54
DA:451,38
DA:452,54
DA:453,54
DA:455,57
DA:456,57
DA:457,57
DA:458,38
DA:459,10
DA:460,19
DA:462,39
DA:463,36
DA:465,18
DA:466,0
DA:467,0
DA:468,0
DA:470,18
DA:471,6
DA:472,0
DA:473,0
DA:479,0
DA:481,0
DA:482,0
DA:485,0
DA:487,0
DA:488,0
DA:492,18
DA:493,18
DA:494,18
DA:496,72
DA:497,72
DA:501,38
DA:502,38
DA:514,19
DA:520,13
DA:521,39
DA:522,36
DA:523,24
DA:524,0
DA:531,1
DA:532,1
DA:535,1
DA:536,1
LF:312
LH:210
end_of_record
SF:lib/src/styles/classic/classic_indicator.dart
DA:121,5
DA:154,10
DA:155,5
DA:156,1
DA:159,5
DA:160,5
DA:174,15
DA:176,20
DA:178,20
DA:180,20
DA:182,20
DA:184,20
DA:186,20
DA:188,20
DA:190,5
DA:192,5
DA:193,10
DA:194,10
DA:195,10
DA:200,19
DA:203,4
DA:205,4
DA:207,16
DA:208,9
DA:209,6
DA:211,16
DA:212,6
DA:214,4
DA:216,16
DA:217,6
DA:219,0
DA:221,16
DA:222,9
DA:224,6
DA:228,5
DA:230,10
DA:231,5
DA:235,5
DA:236,10
DA:237,2
DA:239,5
DA:240,5
DA:241,4
DA:242,5
DA:243,4
DA:244,5
DA:245,6
DA:246,5
DA:247,6
DA:248,5
DA:249,5
DA:250,6
DA:251,0
DA:253,6
DA:256,10
DA:261,5
DA:262,15
DA:263,15
DA:264,15
DA:265,25
DA:267,0
DA:271,5
DA:272,10
DA:273,0
DA:274,0
DA:277,25
DA:279,10
DA:281,1
DA:282,2
DA:287,10
DA:288,10
DA:291,6
DA:292,3
DA:295,3
DA:296,6
DA:298,3
DA:301,10
DA:302,10
DA:303,6
DA:305,0
DA:306,0
DA:313,3
DA:314,6
DA:315,3
DA:316,6
DA:325,5
DA:326,5
DA:327,20
DA:328,15
DA:329,10
DA:330,8
DA:336,5
DA:337,5
DA:340,5
DA:341,5
DA:343,5
DA:349,5
DA:358,5
DA:359,10
DA:360,5
DA:361,5
DA:362,30
DA:367,5
DA:368,10
DA:369,0
DA:370,5
DA:372,5
DA:373,5
DA:374,30
DA:380,4
DA:381,4
DA:382,8
DA:383,4
DA:384,8
DA:385,4
DA:388,12
DA:389,12
DA:390,8
DA:391,19
DA:393,9
DA:394,12
DA:396,6
DA:398,16
DA:399,4
DA:400,4
DA:403,8
DA:404,3
DA:407,6
DA:408,7
DA:410,6
DA:411,2
DA:413,3
DA:420,4
DA:421,4
DA:423,4
DA:424,4
DA:426,4
DA:427,4
DA:429,8
DA:430,4
DA:432,8
DA:433,4
DA:434,12
DA:435,8
DA:436,4
DA:439,4
DA:440,4
DA:441,12
DA:451,1
DA:452,1
DA:453,2
DA:454,1
DA:455,2
DA:456,1
DA:457,3
DA:458,3
DA:459,2
DA:460,5
DA:462,0
DA:463,3
DA:465,0
DA:468,4
DA:469,1
DA:470,1
DA:473,2
DA:474,1
DA:475,2
DA:476,2
DA:478,2
DA:479,0
DA:483,1
DA:490,1
DA:491,1
DA:493,1
DA:494,1
DA:496,1
DA:497,2
DA:498,1
DA:499,3
DA:500,2
DA:501,1
DA:502,1
DA:503,1
DA:506,1
DA:507,1
DA:508,3
DA:513,1
DA:515,2
DA:516,1
DA:523,5
DA:525,5
DA:526,20
DA:527,15
DA:528,0
DA:529,0
DA:530,0
DA:532,5
DA:533,20
DA:534,10
DA:535,10
DA:536,10
DA:537,10
DA:538,4
DA:539,1
LF:204
LH:190
end_of_record
SF:lib/src/styles/taurus/footer/taurus_footer.dart
DA:11,1
DA:26,1
DA:30,1
DA:32,3
DA:34,1
DA:35,1
DA:37,1
DA:38,1
LF:8
LH:8
end_of_record
SF:lib/src/styles/material/header/material_header.dart
DA:40,1
DA:67,1
DA:82,1
DA:84,1
DA:85,1
DA:87,1
DA:88,1
DA:89,1
DA:90,1
DA:91,1
DA:92,1
DA:93,1
DA:94,1
DA:95,1
DA:96,1
DA:97,1
DA:98,1
LF:17
LH:17
end_of_record
SF:lib/src/behavior/scroll_behavior.dart
DA:6,38
DA:7,19
DA:11,19
DA:13,19
DA:15,21
DA:18,19
DA:24,19
DA:27,19
DA:28,19
DA:29,19
DA:30,19
DA:31,0
DA:32,0
DA:33,0
DA:36,0
DA:37,0
DA:40,19
DA:41,0
DA:42,0
DA:50,19
DA:51,19
LF:21
LH:14
end_of_record
SF:lib/src/styles/bezier/footer/bezier_footer.dart
DA:32,1
DA:57,1
DA:59,1
DA:60,1
DA:62,1
DA:63,1
DA:64,1
DA:65,1
DA:66,1
DA:67,1
DA:68,1
DA:69,1
DA:70,1
DA:71,1
LF:14
LH:14
end_of_record
SF:lib/src/styles/delivery/header/delivery_header.dart
DA:11,1
DA:25,1
DA:30,1
DA:32,3
DA:34,1
DA:35,1
DA:37,1
DA:38,1
LF:8
LH:8
end_of_record
SF:lib/src/painter/paths_painter.dart
DA:7,3
DA:8,3
DA:9,6
DA:10,6
DA:27,8
DA:35,3
DA:36,3
DA:44,3
DA:46,3
DA:47,3
DA:51,3
DA:52,12
DA:53,6
DA:54,12
DA:55,9
DA:57,3
DA:58,6
DA:59,6
DA:62,3
DA:64,12
DA:65,0
DA:67,3
DA:70,3
DA:74,12
DA:75,4
DA:76,4
DA:77,6
DA:78,12
DA:79,2
DA:80,4
DA:82,6
DA:83,6
DA:84,3
DA:85,3
DA:86,3
DA:87,6
DA:91,3
DA:98,3
DA:117,2
DA:119,2
DA:122,3
DA:124,3
DA:125,9
DA:127,12
DA:128,6
DA:129,6
DA:130,3
DA:132,3
DA:133,3
DA:134,3
DA:139,0
DA:141,0
DA:143,3
DA:146,3
DA:147,9
DA:148,9
DA:149,9
DA:150,9
DA:151,9
DA:153,0
DA:155,0
LF:61
LH:56
end_of_record
SF:lib/src/easy_paging.dart
DA:70,1
DA:116,4
DA:119,1
DA:120,1
DA:123,1
DA:124,3
DA:126,0
DA:127,0
DA:133,0
DA:136,0
DA:140,0
DA:142,1
DA:143,1
DA:144,3
DA:145,3
DA:146,1
DA:147,2
DA:151,1
DA:158,0
DA:160,1
DA:161,1
DA:162,1
DA:165,1
DA:174,1
DA:176,1
DA:177,4
DA:180,0
DA:182,0
DA:183,0
DA:184,0
DA:189,1
DA:190,4
DA:194,1
DA:195,4
DA:199,3
DA:202,3
DA:205,1
DA:206,1
DA:208,1
DA:213,1
DA:214,1
DA:215,1
DA:217,1
DA:218,1
DA:220,1
DA:221,2
DA:222,0
DA:224,1
DA:225,1
DA:226,1
DA:232,1
DA:233,2
DA:234,0
DA:239,1
DA:240,1
DA:241,1
DA:242,1
DA:243,2
DA:245,1
DA:251,0
DA:252,0
DA:255,1
DA:257,1
DA:258,1
DA:260,1
DA:262,1
DA:267,1
DA:268,2
DA:269,2
DA:272,1
DA:273,2
DA:275,0
DA:276,2
DA:278,1
DA:284,2
DA:285,0
DA:289,0
DA:290,0
DA:291,0
DA:292,0
DA:293,0
DA:294,0
DA:295,0
DA:296,0
DA:297,0
DA:298,0
DA:299,0
DA:300,0
DA:301,0
DA:302,0
DA:303,0
DA:304,0
DA:305,0
DA:308,1
DA:312,1
DA:313,1
DA:314,1
DA:315,2
DA:316,2
DA:317,2
DA:318,2
DA:319,2
DA:320,2
DA:321,2
DA:322,2
DA:323,2
DA:324,2
DA:325,2
DA:326,2
DA:327,2
DA:328,1
DA:329,1
LF:112
LH:79
end_of_record
